<?xml version="1.0" encoding="UTF-8"?>
<!-- Generated by org.testng.reporters.JUnitXMLReporter -->
<testsuite hostname="332MW-PC" name="ExpediaSearchPage" tests="4" failures="0" timestamp="20 Dec 2015 04:25:06 GMT" time="0.043" errors="0">
  <testcase name="AudiA6" time="0.016" classname="com.expedia.flightsbooking.TestNG_Grouping"/>
  <testcase name="BMW3Series" time="0.0" classname="com.expedia.flightsbooking.TestNG_Grouping"/>
  <testcase name="BMX3" time="0.0" classname="com.expedia.flightsbooking.TestNG_Grouping"/>
  <testcase name="HondaAccord" time="0.0" classname="com.expedia.flightsbooking.TestNG_Grouping"/>
</testsuite> <!-- ExpediaSearchPage -->
