<?xml version="1.0" encoding="UTF-8"?>
<!-- Generated by org.testng.reporters.JUnitXMLReporter -->
<testsuite hostname="332MW-PC" name="Command line test" tests="6" failures="0" timestamp="18 Dec 2015 06:37:57 GMT" time="31.819" errors="0">
  <testcase name="AudiA6" time="0.002" classname="com.expedia.flightsbooking.TestNG_Grouping"/>
  <testcase name="BMW3Series" time="0.001" classname="com.expedia.flightsbooking.TestNG_Grouping"/>
  <testcase name="BMX3" time="0.0" classname="com.expedia.flightsbooking.TestNG_Grouping"/>
  <testcase name="HondaAccord" time="0.0" classname="com.expedia.flightsbooking.TestNG_Grouping"/>
  <testcase name="AfillBasicInfo" time="5.299" classname="com.expedia.flightsbooking.TestNG_TestSuite"/>
  <testcase name="BfillAdvancedInfo" time="3.931" classname="com.expedia.flightsbooking.TestNG_TestSuite"/>
</testsuite> <!-- Command line test -->
